<?xml version="1.0" encoding="UTF-8"?>
<!-- Generated by org.testng.reporters.JUnitReportReporter -->
<testsuite hostname="LAPTOP-2OIKUUQR" failures="0" tests="1" name="com.authentication.LoginTest" time="10.400" errors="0" timestamp="2022-10-03T02:04:19 IST" skipped="0">
  <testcase classname="com.authentication.LoginTest" name="testLogin" time="10.400"/>
  <system-out/>
</testsuite> <!-- com.authentication.LoginTest -->
