<?xml version="1.0" encoding="UTF-8"?>
<!-- Generated by org.testng.reporters.JUnitReportReporter -->
<testsuite hostname="LAPTOP-2OIKUUQR" failures="0" tests="1" name="com.authentication.RegistrationTest" time="12.041" errors="0" timestamp="2022-10-03T02:04:19 IST" skipped="0">
  <testcase classname="com.authentication.RegistrationTest" name="testLogin" time="12.041"/>
  <system-out/>
</testsuite> <!-- com.authentication.RegistrationTest -->
